<?xml version="1.0" encoding="UTF-8"?>
<testsuite name="com.su481ns8u.maximum.services.MaxFinderTest" tests="1" skipped="0" failures="0" errors="0" timestamp="2020-06-22T18:17:56" hostname="DESKTOP-9DCLVAF" time="0.008">
  <properties/>
  <testcase name="findMax_ShouldReturnNullAndGiveMessage_IfNoArgumentsArePassed" classname="com.su481ns8u.maximum.services.MaxFinderTest" time="0.008"/>
  <system-out><![CDATA[No Arguments Passed !
]]></system-out>
  <system-err><![CDATA[]]></system-err>
</testsuite>
