<?xml version="1.0" encoding="UTF-8"?>
<testsuite name="com.su481ns8u.maximum.services.MaxFinderTest" tests="1" skipped="0" failures="0" errors="0" timestamp="2020-06-21T16:06:09" hostname="DESKTOP-9DCLVAF" time="0.004">
  <properties/>
  <testcase name="findMaxForFloat_ShouldPass_IfMaxGivenAtFirstPosition" classname="com.su481ns8u.maximum.services.MaxFinderTest" time="0.004"/>
  <system-out><![CDATA[]]></system-out>
  <system-err><![CDATA[]]></system-err>
</testsuite>
