<?xml version="1.0" encoding="UTF-8"?>
<testsuite name="com.su481ns8u.maximum.services.MaxFinderTest" tests="10" skipped="0" failures="0" errors="0" timestamp="2020-06-22T18:08:07" hostname="DESKTOP-9DCLVAF" time="0.034">
  <properties/>
  <testcase name="findMaxForString_ShouldPass_IfMaxGivenAtFirstPosition" classname="com.su481ns8u.maximum.services.MaxFinderTest" time="0.022"/>
  <testcase name="findMaxForInteger_ShouldPass_IfMaxGivenAtThirdPosition" classname="com.su481ns8u.maximum.services.MaxFinderTest" time="0.001"/>
  <testcase name="findMaxForFloat_ShouldPass_IfMaxGivenAtSecondPosition" classname="com.su481ns8u.maximum.services.MaxFinderTest" time="0.004"/>
  <testcase name="findMaxForString_ShouldPass_IfMaxGivenAtSecondPosition" classname="com.su481ns8u.maximum.services.MaxFinderTest" time="0.001"/>
  <testcase name="findMaxForInteger_ShouldPass_IfMaxGivenAtSecondPosition" classname="com.su481ns8u.maximum.services.MaxFinderTest" time="0.002"/>
  <testcase name="findMaxForFloat_ShouldPass_IfMaxGivenAtFirstPosition" classname="com.su481ns8u.maximum.services.MaxFinderTest" time="0.001"/>
  <testcase name="findMax_ShouldReturnNullAndGiveMessage_IfNoArgumentsArePassed" classname="com.su481ns8u.maximum.services.MaxFinderTest" time="0.0"/>
  <testcase name="findMaxForString_ShouldPass_IfMaxGivenAtThirdPosition" classname="com.su481ns8u.maximum.services.MaxFinderTest" time="0.0"/>
  <testcase name="findMaxForInteger_ShouldPass_IfMaxGivenAtFirstPosition" classname="com.su481ns8u.maximum.services.MaxFinderTest" time="0.001"/>
  <testcase name="findMaxForFloat_ShouldPass_IfMaxGivenAtThirdPosition" classname="com.su481ns8u.maximum.services.MaxFinderTest" time="0.0"/>
  <system-out><![CDATA[Max Element: ShantnuNaik
Max Element: 10
Max Element: 15.5
Max Element: ShantnuNaik
Max Element: 10
Max Element: 10.3
No Arguments Passed !
Max Element: ShantnuNaik
Max Element: 10
Max Element: 52.1
]]></system-out>
  <system-err><![CDATA[]]></system-err>
</testsuite>
