<?xml version="1.0" encoding="UTF-8"?>
<testsuite name="com.su481ns8u.maximum.services.MaxFinderTest" tests="3" skipped="0" failures="0" errors="0" timestamp="2020-06-21T19:01:36" hostname="DESKTOP-9DCLVAF" time="0.005">
  <properties/>
  <testcase name="findMaxForString_ShouldPass_IfMaxGivenAtFirstPosition" classname="com.su481ns8u.maximum.services.MaxFinderTest" time="0.003"/>
  <testcase name="findMaxForIntegerFloatAndString_ShouldPass_IfMaxGivenAtFirstPosition" classname="com.su481ns8u.maximum.services.MaxFinderTest" time="0.0"/>
  <testcase name="findMaxForFloat_ShouldPass_IfMaxGivenAtFirstPosition" classname="com.su481ns8u.maximum.services.MaxFinderTest" time="0.0"/>
  <system-out><![CDATA[]]></system-out>
  <system-err><![CDATA[]]></system-err>
</testsuite>
