<?xml version="1.0" encoding="UTF-8"?>
<testsuite name="com.su481ns8u.maximum.services.MaxFinderTest" tests="1" skipped="0" failures="0" errors="0" timestamp="2020-06-21T12:49:25" hostname="DESKTOP-9DCLVAF" time="0.006">
  <properties/>
  <testcase name="findMaxForInteger_ShouldPass_IfMaxGivenAtFirstPosition" classname="com.su481ns8u.maximum.services.MaxFinderTest" time="0.006"/>
  <system-out><![CDATA[]]></system-out>
  <system-err><![CDATA[]]></system-err>
</testsuite>
